<?xml version="1.0" encoding="UTF-8"?>
<testng-results skipped="0" failed="0" ignored="0" total="1" passed="1">
  <reporter-output>
  </reporter-output>
  <suite name="Suite" duration-ms="1845" started-at="2021-12-02T07:03:46Z" finished-at="2021-12-02T07:03:48Z">
    <groups>
    </groups>
    <test name="Test" duration-ms="1845" started-at="2021-12-02T07:03:46Z" finished-at="2021-12-02T07:03:48Z">
      <class name="RestApiChaining.End_To_End">
        <test-method status="PASS" signature="Test1()[pri:0, instance:RestApiChaining.End_To_End@305fd85d]" name="Test1" duration-ms="1824" started-at="2021-12-02T07:03:46Z" finished-at="2021-12-02T07:03:48Z">
          <reporter-output>
          </reporter-output>
        </test-method> <!-- Test1 -->
      </class> <!-- RestApiChaining.End_To_End -->
    </test> <!-- Test -->
  </suite> <!-- Suite -->
</testng-results>
